2019-06-10 17:43:33.189 Always, OpenZwave Version 1.6.-1 Starting Up
2019-06-10 17:43:33.191 Info, Loading Localization File /home/minhnghiaduong/.local/lib/python2.7/site-packages/python_openzwave/ozw_config/Localization.xml
2019-06-10 17:43:33.191 Info, Loaded /home/minhnghiaduong/.local/lib/python2.7/site-packages/python_openzwave/ozw_config/Localization.xml With Revision 6
2019-06-10 17:43:33.191 Always, Using Language Localization 
2019-06-10 17:43:33.192 Info, Loading NotificationCCTypes File /home/minhnghiaduong/.local/lib/python2.7/site-packages/python_openzwave/ozw_config/NotificationCCTypes.xml
2019-06-10 17:43:33.192 Info, Loaded /home/minhnghiaduong/.local/lib/python2.7/site-packages/python_openzwave/ozw_config/NotificationCCTypes.xml With Revision 9
2019-06-10 17:43:33.193 Info, Setting Up Provided Network Key for Secure Communications
2019-06-10 17:43:33.193 Warning, Failed - Network Key Not Set
2019-06-10 17:43:33.197 Info, Manufacturer_Specific.xml file Revision is 27
2019-06-10 17:43:33.266 Info, Product name collision: FGR223 Roller Shutter Controller 3 type 303 id 1000 manufacturerid 10f, collides with FGRM223 Roller Shutter Controller 3, type 303 id 1000 manufacturerid 10f
2019-06-10 17:43:33.306 Info, Product name collision: ED2.0 Meter Adapter type 0 id 0 manufacturerid 128, collides with ED2.0 Meter Adapter, type 0 id 0 manufacturerid 128
2019-06-10 17:43:33.306 Info, Product name collision: ED2.0 Display type 128 id 0 manufacturerid 128, collides with ED2.0 Display, type 128 id 0 manufacturerid 128
2019-06-10 17:43:33.329 Info, Product name collision: GR105 Auto Valve type 202 id 511 manufacturerid 152, collides with GR105 Auto Valve, type 202 id 511 manufacturerid 152
2019-06-10 17:43:33.329 Info, Product name collision: GR105n Auto Valve type 3 id 512 manufacturerid 152, collides with GR105n Auto Valve, type 3 id 512 manufacturerid 152
2019-06-10 17:43:33.329 Info, Product name collision: ZSE02 Motion Sensor type 500 id 3 manufacturerid 152, collides with ZSE02 Motion Sensor, type 500 id 3 manufacturerid 152
2019-06-10 17:43:33.333 Info, Product name collision: ZWN-BPC Ceiling Mounted PIR Motion Sensor type 601 id 901 manufacturerid 11a, collides with ZWN-BPC Ceiling Mounted PIR Motion Sensor, type 601 id 901 manufacturerid 11a
2019-06-10 17:43:33.333 Info, Product name collision: ZWN-SC7 7-Button Scene Controller type 801 id b03 manufacturerid 11a, collides with ZWN-SC7 7-Button Scene Controller, type 801 id b03 manufacturerid 11a
2019-06-10 17:43:33.333 Info, Product name collision: ZW15S 15A On/Off Switch type 101 id 102 manufacturerid 11a, collides with ZW15S 15A On/Off Switch, type 101 id 102 manufacturerid 11a
2019-06-10 17:43:33.333 Info, Product name collision: ZW20R 20A TR Duplex Receptacle type 101 id 603 manufacturerid 11a, collides with ZW20R 20A TR Duplex Receptacle, type 101 id 603 manufacturerid 11a
2019-06-10 17:43:33.333 Info, Product name collision: ZWN-RSM1 PLUS-Smart Single Relay Switch Module type 111 id 605 manufacturerid 11a, collides with ZWN-RSM1 PLUS—Smart Single Relay Switch Module, type 111 id 605 manufacturerid 11a
2019-06-10 17:43:33.333 Info, Product name collision: ZW20RM 20A TR Smart Meter Duplex Receptacle type 111 id 101 manufacturerid 11a, collides with ZW20RM 20A TR Smart Meter Duplex Receptacle, type 111 id 101 manufacturerid 11a
2019-06-10 17:43:33.333 Info, Product name collision: ZW500D 500W In-Wall Preset Dimmer Switch type 102 id 201 manufacturerid 11a, collides with ZW500D 500W In-Wall Preset Dimmer Switch, type 102 id 201 manufacturerid 11a
2019-06-10 17:43:33.333 Info, Product name collision: ZW15RM Plus 15A TR Smart Meter Duplex Receptacle type 111 id 105 manufacturerid 11a, collides with ZW15RM Plus 15A TR Smart Meter Duplex Receptacle, type 111 id 105 manufacturerid 11a
2019-06-10 17:43:33.341 Info, Queuing Lookup on mfs.db.openzwave.com for Node 0
2019-06-10 17:43:33.341 Info,   Opening controller /dev/ttyACM0
2019-06-10 17:43:33.341 Info, Trying to open serial port /dev/ttyACM0 (attempt 1)
2019-06-10 17:43:33.341 Info, Starting DNSThread
2019-06-10 17:43:33.341 Info, LookupTxT Checking mfs.db.openzwave.com
2019-06-10 17:43:33.341 Info, mgr,     Added driver for controller /dev/ttyACM0
2019-06-10 17:43:33.341 Info, Timer: thread starting
2019-06-10 17:43:33.342 Detail, Timer: waiting with timeout -1 ms
2019-06-10 17:43:33.342 Info, Serial port /dev/ttyACM0 opened (attempt 1)
2019-06-10 17:43:33.342 Detail, contrlr, Queuing (Command) FUNC_ID_ZW_GET_VERSION: 0x01, 0x03, 0x00, 0x15, 0xe9
2019-06-10 17:43:33.342 Detail, contrlr, Queuing (Command) FUNC_ID_ZW_MEMORY_GET_ID: 0x01, 0x03, 0x00, 0x20, 0xdc
2019-06-10 17:43:33.342 Detail, contrlr, Queuing (Command) FUNC_ID_ZW_GET_CONTROLLER_CAPABILITIES: 0x01, 0x03, 0x00, 0x05, 0xf9
2019-06-10 17:43:33.342 Detail, contrlr, Queuing (Command) FUNC_ID_SERIAL_API_GET_CAPABILITIES: 0x01, 0x03, 0x00, 0x07, 0xfb
2019-06-10 17:43:33.342 Detail, contrlr, Queuing (Command) FUNC_ID_ZW_GET_SUC_NODE_ID: 0x01, 0x03, 0x00, 0x56, 0xaa
2019-06-10 17:43:35.203 Info, Lookup for mfs.db.openzwave.com returned 27
2019-06-10 17:43:35.208 Debug, Downloads Remaining: 0
2019-06-10 17:43:35.209 Info, ManufacturerSpecificDB Initialized
2019-06-10 17:43:35.209 Detail, Notification: ManufacturerSpecificDB Ready
2019-06-10 17:43:35.209 Detail, 
2019-06-10 17:43:35.209 Info, contrlr, Sending (Command) message (Callback ID=0x00, Expected Reply=0x15) - FUNC_ID_ZW_GET_VERSION: 0x01, 0x03, 0x00, 0x15, 0xe9
2019-06-10 17:43:35.209 Info, contrlr, Encrypted Flag is 0
2019-06-10 17:43:35.211 Detail, contrlr,   Received: 0x01, 0x10, 0x01, 0x15, 0x5a, 0x2d, 0x57, 0x61, 0x76, 0x65, 0x20, 0x34, 0x2e, 0x30, 0x35, 0x00, 0x01, 0x97
2019-06-10 17:43:35.211 Detail, 
2019-06-10 17:43:35.211 Info, contrlr, Received reply to FUNC_ID_ZW_GET_VERSION:
2019-06-10 17:43:35.211 Info, contrlr,     Static Controller library, version Z-Wave 4.05
2019-06-10 17:43:35.211 Detail, contrlr,   Expected reply was received
2019-06-10 17:43:35.211 Detail, contrlr,   Message transaction complete
2019-06-10 17:43:35.211 Detail, 
2019-06-10 17:43:35.211 Detail, contrlr, Removing current message
2019-06-10 17:43:35.211 Detail, 
2019-06-10 17:43:35.211 Info, contrlr, Sending (Command) message (Callback ID=0x00, Expected Reply=0x20) - FUNC_ID_ZW_MEMORY_GET_ID: 0x01, 0x03, 0x00, 0x20, 0xdc
2019-06-10 17:43:35.211 Info, contrlr, Encrypted Flag is 0
2019-06-10 17:43:35.212 Detail, contrlr,   Received: 0x01, 0x08, 0x01, 0x20, 0xc4, 0xb4, 0x26, 0x8c, 0x01, 0x0d
2019-06-10 17:43:35.212 Detail, 
2019-06-10 17:43:35.212 Info, contrlr, Received reply to FUNC_ID_ZW_MEMORY_GET_ID. Home ID = 0xc4b4268c.  Our node ID = 1
2019-06-10 17:43:35.212 Detail, contrlr,   Expected reply was received
2019-06-10 17:43:35.212 Detail, contrlr,   Message transaction complete
2019-06-10 17:43:35.212 Detail, 
2019-06-10 17:43:35.212 Detail, contrlr, Removing current message
2019-06-10 17:43:35.212 Detail, 
2019-06-10 17:43:35.212 Info, contrlr, Sending (Command) message (Callback ID=0x00, Expected Reply=0x05) - FUNC_ID_ZW_GET_CONTROLLER_CAPABILITIES: 0x01, 0x03, 0x00, 0x05, 0xf9
2019-06-10 17:43:35.212 Info, contrlr, Encrypted Flag is 0
2019-06-10 17:43:35.213 Detail, contrlr,   Received: 0x01, 0x04, 0x01, 0x05, 0x08, 0xf7
2019-06-10 17:43:35.213 Detail, 
2019-06-10 17:43:35.213 Info, contrlr, Received reply to FUNC_ID_ZW_GET_CONTROLLER_CAPABILITIES:
2019-06-10 17:43:35.213 Info, contrlr,     There is no SUC ID Server (SIS) in this network.
2019-06-10 17:43:35.213 Info, contrlr,     The PC controller is a primary controller.
2019-06-10 17:43:35.213 Detail, contrlr,   Expected reply was received
2019-06-10 17:43:35.213 Detail, contrlr,   Message transaction complete
2019-06-10 17:43:35.213 Detail, 
2019-06-10 17:43:35.213 Detail, contrlr, Removing current message
2019-06-10 17:43:35.213 Detail, 
2019-06-10 17:43:35.213 Info, contrlr, Sending (Command) message (Callback ID=0x00, Expected Reply=0x07) - FUNC_ID_SERIAL_API_GET_CAPABILITIES: 0x01, 0x03, 0x00, 0x07, 0xfb
2019-06-10 17:43:35.213 Info, contrlr, Encrypted Flag is 0
2019-06-10 17:43:35.215 Detail, contrlr,   Received: 0x01, 0x2b, 0x01, 0x07, 0x05, 0x05, 0x01, 0x15, 0x04, 0x00, 0x00, 0x01, 0xfe, 0x83, 0xff, 0x88, 0xcf, 0x1f, 0x00, 0x00, 0xfb, 0x9f, 0x7d, 0xa0, 0x67, 0x00, 0x80, 0x80, 0x00, 0x80, 0x86, 0x00, 0x00, 0x00, 0xe8, 0x73, 0x00, 0x00, 0x0e, 0x00, 0x00, 0x40, 0x1a, 0x00, 0x0e
2019-06-10 17:43:35.215 Detail, 
2019-06-10 17:43:35.215 Info, contrlr,  Received reply to FUNC_ID_SERIAL_API_GET_CAPABILITIES
2019-06-10 17:43:35.215 Info, contrlr,     Serial API Version:   5.5
2019-06-10 17:43:35.215 Info, contrlr,     Manufacturer ID:      0x0115
2019-06-10 17:43:35.215 Info, contrlr,     Product Type:         0x0400
2019-06-10 17:43:35.215 Info, contrlr,     Product ID:           0x0001
2019-06-10 17:43:35.215 Detail, contrlr, Queuing (Command) FUNC_ID_ZW_GET_RANDOM: 0x01, 0x04, 0x00, 0x1c, 0x20, 0xc7
2019-06-10 17:43:35.215 Detail, contrlr, Queuing (Command) FUNC_ID_SERIAL_API_GET_INIT_DATA: 0x01, 0x03, 0x00, 0x02, 0xfe
2019-06-10 17:43:35.215 Detail, contrlr, Queuing (Command) FUNC_ID_SERIAL_API_SET_TIMEOUTS: 0x01, 0x05, 0x00, 0x06, 0x64, 0x0f, 0x97
2019-06-10 17:43:35.215 Detail, contrlr, Queuing (Command) FUNC_ID_SERIAL_API_APPL_NODE_INFORMATION: 0x01, 0x08, 0x00, 0x03, 0x01, 0x02, 0x01, 0x01, 0x5e, 0xa9
2019-06-10 17:43:35.215 Detail, contrlr,   Expected reply was received
2019-06-10 17:43:35.215 Detail, contrlr,   Message transaction complete
2019-06-10 17:43:35.215 Detail, 
2019-06-10 17:43:35.215 Detail, contrlr, Removing current message
2019-06-10 17:43:35.215 Detail, 
2019-06-10 17:43:35.215 Info, contrlr, Sending (Command) message (Callback ID=0x00, Expected Reply=0x56) - FUNC_ID_ZW_GET_SUC_NODE_ID: 0x01, 0x03, 0x00, 0x56, 0xaa
2019-06-10 17:43:35.215 Info, contrlr, Encrypted Flag is 0
2019-06-10 17:43:35.216 Detail, contrlr,   Received: 0x01, 0x04, 0x01, 0x56, 0x00, 0xac
2019-06-10 17:43:35.216 Detail, 
2019-06-10 17:43:35.216 Info, contrlr, Received reply to GET_SUC_NODE_ID.  Node ID = 0
2019-06-10 17:43:35.216 Info, Controller Does not Support SUC - Cannot Setup Controller as SUC Node
2019-06-10 17:43:35.216 Detail, contrlr,   Expected reply was received
2019-06-10 17:43:35.216 Detail, contrlr,   Message transaction complete
2019-06-10 17:43:35.216 Detail, 
2019-06-10 17:43:35.216 Detail, contrlr, Removing current message
2019-06-10 17:43:35.216 Detail, 
2019-06-10 17:43:35.216 Info, contrlr, Sending (Command) message (Callback ID=0x00, Expected Reply=0x1c) - FUNC_ID_ZW_GET_RANDOM: 0x01, 0x04, 0x00, 0x1c, 0x20, 0xc7
2019-06-10 17:43:35.216 Info, contrlr, Encrypted Flag is 0
2019-06-10 17:43:35.267 Detail, contrlr,   Received: 0x01, 0x25, 0x01, 0x1c, 0x01, 0x20, 0xbd, 0x1d, 0xd7, 0xbf, 0x8d, 0x5f, 0x2c, 0xc5, 0xa4, 0x2c, 0x31, 0x60, 0x92, 0x77, 0xdf, 0xa5, 0x61, 0x0e, 0x33, 0x68, 0xd4, 0x1b, 0xd0, 0xbd, 0x95, 0xde, 0x49, 0x0f, 0x6f, 0x5e, 0x49, 0xd4, 0x64
2019-06-10 17:43:35.267 Detail, 
2019-06-10 17:43:35.267 Info, Received reply to FUNC_ID_ZW_GET_RANDOM: true
2019-06-10 17:43:35.267 Detail, contrlr,   Expected reply was received
2019-06-10 17:43:35.267 Detail, contrlr,   Message transaction complete
2019-06-10 17:43:35.267 Detail, 
2019-06-10 17:43:35.267 Detail, contrlr, Removing current message
2019-06-10 17:43:35.267 Detail, 
2019-06-10 17:43:35.267 Info, contrlr, Sending (Command) message (Callback ID=0x00, Expected Reply=0x02) - FUNC_ID_SERIAL_API_GET_INIT_DATA: 0x01, 0x03, 0x00, 0x02, 0xfe
2019-06-10 17:43:35.267 Info, contrlr, Encrypted Flag is 0
2019-06-10 17:43:35.329 Detail, contrlr,   Received: 0x01, 0x25, 0x01, 0x02, 0x05, 0x00, 0x1d, 0x07, 0x00, 0x00, 0x00, 0x00, 0x00, 0x00, 0x00, 0x00, 0x00, 0x00, 0x00, 0x00, 0x00, 0x00, 0x00, 0x00, 0x00, 0x00, 0x00, 0x00, 0x00, 0x00, 0x00, 0x00, 0x00, 0x00, 0x00, 0x00, 0x05, 0x00, 0xc3
2019-06-10 17:43:35.329 Detail, 
2019-06-10 17:43:35.330 Info, mgr,     Driver with Home ID of 0xc4b4268c is now ready.
2019-06-10 17:43:35.330 Info, 
2019-06-10 17:43:35.332 Info, Node001, (32 - COMMAND_CLASS_BASIC) - Compatibility Flags:
2019-06-10 17:43:35.332 Info, Node001, (32 - COMMAND_CLASS_BASIC) - State Flags:
2019-06-10 17:43:35.332 Info, Node001, 	 AfterMark: true
2019-06-10 17:43:35.332 Info, Node001, (114 - COMMAND_CLASS_MANUFACTURER_SPECIFIC) - Compatibility Flags:
2019-06-10 17:43:35.332 Info, Node001, (114 - COMMAND_CLASS_MANUFACTURER_SPECIFIC) - State Flags:
2019-06-10 17:43:35.332 Info, Node001, 	 StaticRequests: 2
2019-06-10 17:43:35.333 Info, Node002, (32 - COMMAND_CLASS_BASIC) - Compatibility Flags:
2019-06-10 17:43:35.333 Info, Node002, 	 Mapping: 37
2019-06-10 17:43:35.333 Info, Node002, (32 - COMMAND_CLASS_BASIC) - State Flags:
2019-06-10 17:43:35.334 Info, Node002, 	 StaticRequests: 4
2019-06-10 17:43:35.334 Info, Node002, (37 - COMMAND_CLASS_SWITCH_BINARY) - Compatibility Flags:
2019-06-10 17:43:35.334 Info, Node002, (37 - COMMAND_CLASS_SWITCH_BINARY) - State Flags:
2019-06-10 17:43:35.334 Info, Node002, 	 InNif: true
2019-06-10 17:43:35.334 Info, Node002, (39 - COMMAND_CLASS_SWITCH_ALL) - Compatibility Flags:
2019-06-10 17:43:35.334 Info, Node002, (39 - COMMAND_CLASS_SWITCH_ALL) - State Flags:
2019-06-10 17:43:35.334 Info, Node002, 	 InNif: true
2019-06-10 17:43:35.334 Info, Node002, 	 StaticRequests: 4
2019-06-10 17:43:35.334 Info, Node002, (43 - COMMAND_CLASS_SCENE_ACTIVATION) - Compatibility Flags:
2019-06-10 17:43:35.334 Info, Node002, (43 - COMMAND_CLASS_SCENE_ACTIVATION) - State Flags:
2019-06-10 17:43:35.334 Info, Node002, 	 InNif: true
2019-06-10 17:43:35.334 Info, Node002, 	 StaticRequests: 4
2019-06-10 17:43:35.334 Warning, Localization::ReadXMLVIDHelp: Error in ./ozwcache_0xc4b4268c.xml at line 105 - No Help Entry for CommandClass 43, ValueID: 0 (-1):  (null) (Lang: )
2019-06-10 17:43:35.334 Warning, Localization::ReadXMLVIDHelp: Error in ./ozwcache_0xc4b4268c.xml at line 108 - No Help Entry for CommandClass 43, ValueID: 1 (-1):  (null) (Lang: )
2019-06-10 17:43:35.334 Info, Node002, (50 - COMMAND_CLASS_METER) - Compatibility Flags:
2019-06-10 17:43:35.334 Info, Node002, (50 - COMMAND_CLASS_METER) - State Flags:
2019-06-10 17:43:35.334 Info, Node002, 	 CCVersion: 3
2019-06-10 17:43:35.334 Info, Node002, 	 InNif: true
2019-06-10 17:43:35.334 Info, Node002, 	 StaticRequests: 2
2019-06-10 17:43:35.334 Warning, Localization::ReadXMLVIDHelp: Error in ./ozwcache_0xc4b4268c.xml at line 120 - No Help Entry for CommandClass 50, ValueID: 0 (-1):  (null) (Lang: )
2019-06-10 17:43:35.334 Warning, Localization::ReadXMLVIDHelp: Error in ./ozwcache_0xc4b4268c.xml at line 123 - No Help Entry for CommandClass 50, ValueID: 1 (-1):  (null) (Lang: )
2019-06-10 17:43:35.335 Warning, Localization::ReadXMLVIDHelp: Error in ./ozwcache_0xc4b4268c.xml at line 126 - No Help Entry for CommandClass 50, ValueID: 2 (-1):  (null) (Lang: )
2019-06-10 17:43:35.335 Warning, Localization::ReadXMLVIDHelp: Error in ./ozwcache_0xc4b4268c.xml at line 129 - No Help Entry for CommandClass 50, ValueID: 8 (-1):  (null) (Lang: )
2019-06-10 17:43:35.335 Warning, Localization::ReadXMLVIDHelp: Error in ./ozwcache_0xc4b4268c.xml at line 132 - No Help Entry for CommandClass 50, ValueID: 16 (-1):  (null) (Lang: )
2019-06-10 17:43:35.335 Warning, Localization::ReadXMLVIDHelp: Error in ./ozwcache_0xc4b4268c.xml at line 135 - No Help Entry for CommandClass 50, ValueID: 20 (-1):  (null) (Lang: )
2019-06-10 17:43:35.335 Warning, Localization::ReadXMLVIDHelp: Error in ./ozwcache_0xc4b4268c.xml at line 138 - No Help Entry for CommandClass 50, ValueID: 32 (-1):  (null) (Lang: )
2019-06-10 17:43:35.335 Warning, Localization::ReadXMLVIDHelp: Error in ./ozwcache_0xc4b4268c.xml at line 141 - No Help Entry for CommandClass 50, ValueID: 33 (-1):  (null) (Lang: )
2019-06-10 17:43:35.335 Info, Node002, (90 - COMMAND_CLASS_DEVICE_RESET_LOCALLY) - Compatibility Flags:
2019-06-10 17:43:35.335 Info, Node002, (90 - COMMAND_CLASS_DEVICE_RESET_LOCALLY) - State Flags:
2019-06-10 17:43:35.335 Info, Node002, 	 InNif: true
2019-06-10 17:43:35.335 Info, Node002, 	 StaticRequests: 4
2019-06-10 17:43:35.335 Info, Node002, (94 - COMMAND_CLASS_ZWAVEPLUS_INFO) - Compatibility Flags:
2019-06-10 17:43:35.335 Info, Node002, (94 - COMMAND_CLASS_ZWAVEPLUS_INFO) - State Flags:
2019-06-10 17:43:35.335 Info, Node002, 	 InNif: true
2019-06-10 17:43:35.335 Info, Node002, 	 StaticRequests: 6
2019-06-10 17:43:35.335 Info, Node002, (112 - COMMAND_CLASS_CONFIGURATION) - Compatibility Flags:
2019-06-10 17:43:35.335 Info, Node002, (112 - COMMAND_CLASS_CONFIGURATION) - State Flags:
2019-06-10 17:43:35.335 Info, Node002, 	 InNif: true
2019-06-10 17:43:35.335 Info, Node002, 	 StaticRequests: 4
2019-06-10 17:43:35.335 Info, Node002, (114 - COMMAND_CLASS_MANUFACTURER_SPECIFIC) - Compatibility Flags:
2019-06-10 17:43:35.335 Info, Node002, (114 - COMMAND_CLASS_MANUFACTURER_SPECIFIC) - State Flags:
2019-06-10 17:43:35.335 Info, Node002, 	 CCVersion: 2
2019-06-10 17:43:35.335 Info, Node002, 	 InNif: true
2019-06-10 17:43:35.335 Info, Node002, 	 StaticRequests: 0
2019-06-10 17:43:35.335 Info, Node002, (115 - COMMAND_CLASS_POWERLEVEL) - Compatibility Flags:
2019-06-10 17:43:35.335 Info, Node002, (115 - COMMAND_CLASS_POWERLEVEL) - State Flags:
2019-06-10 17:43:35.335 Info, Node002, 	 InNif: true
2019-06-10 17:43:35.335 Info, Node002, 	 StaticRequests: 4
2019-06-10 17:43:35.335 Info, Node002, (133 - COMMAND_CLASS_ASSOCIATION) - Compatibility Flags:
2019-06-10 17:43:35.335 Info, Node002, (133 - COMMAND_CLASS_ASSOCIATION) - State Flags:
2019-06-10 17:43:35.335 Info, Node002, 	 InNif: true
2019-06-10 17:43:35.335 Info, Node002, 	 StaticRequests: 4
2019-06-10 17:43:35.335 Info, Node002, (134 - COMMAND_CLASS_VERSION) - Compatibility Flags:
2019-06-10 17:43:35.335 Info, Node002, (134 - COMMAND_CLASS_VERSION) - State Flags:
2019-06-10 17:43:35.335 Info, Node002, 	 InNif: true
2019-06-10 17:43:35.335 Info, Node002, 	 StaticRequests: 4
2019-06-10 17:43:35.336 Info, contrlr, Received reply to FUNC_ID_SERIAL_API_GET_INIT_DATA:
2019-06-10 17:43:35.336 Info, contrlr,     Node 001 - Known
2019-06-10 17:43:35.336 Detail, Node001, AdvanceQueries queryPending=0 queryRetries=0 queryStage=CacheLoad live=1
2019-06-10 17:43:35.336 Detail, Node001, QueryStage_CacheLoad
2019-06-10 17:43:35.336 Info, Node001, Loading Cache for node 1: Manufacturer=Z-Wave.Me, Product=ZME_UZB1 USB Stick
2019-06-10 17:43:35.336 Info, Node001, Node Identity Codes: 0115:0400:0001
2019-06-10 17:43:35.336 Detail, Node001, QueryStage_Associations
2019-06-10 17:43:35.336 Detail, Node001, QueryStage_Neighbors
2019-06-10 17:43:35.336 Detail, contrlr, Requesting routing info (neighbor list) for Node 1
2019-06-10 17:43:35.336 Detail, Node001, Queuing (Command) Get Routing Info (Node=1): 0x01, 0x07, 0x00, 0x80, 0x01, 0x00, 0x00, 0x03, 0x7a
2019-06-10 17:43:35.336 Detail, Node001, Queuing (Query) Query Stage Complete (Neighbors)
2019-06-10 17:43:35.336 Info, contrlr,     Node 002 - Known
2019-06-10 17:43:35.336 Detail, Node002, AdvanceQueries queryPending=0 queryRetries=0 queryStage=CacheLoad live=1
2019-06-10 17:43:35.336 Detail, Node002, QueryStage_CacheLoad
2019-06-10 17:43:35.336 Info, Node002, Loading Cache for node 2: Manufacturer=HANK Electronics Ltd, Product=HKZW-SO05 Smart Plug
2019-06-10 17:43:35.336 Info, Node002, Node Identity Codes: 0208:0100:000a
2019-06-10 17:43:35.336 Info, Node002, NoOperation::Set - Routing=true
2019-06-10 17:43:35.336 Detail, Node002, Queuing (NoOp) NoOperation_Set (Node=2): 0x01, 0x09, 0x00, 0x13, 0x02, 0x02, 0x00, 0x00, 0x25, 0x0a, 0xca
2019-06-10 17:43:35.336 Detail, Node002, Queuing (Query) Query Stage Complete (CacheLoad)
2019-06-10 17:43:35.336 Info, contrlr,     Node 003 - New
2019-06-10 17:43:35.336 Detail, Node003, AdvanceQueries queryPending=0 queryRetries=0 queryStage=None live=1
2019-06-10 17:43:35.336 Detail, Node003, QueryStage_ProtocolInfo
2019-06-10 17:43:35.336 Detail, Node003, Queuing (Query) Get Node Protocol Info (Node=3): 0x01, 0x04, 0x00, 0x41, 0x03, 0xb9
2019-06-10 17:43:35.336 Detail, Node003, Queuing (Query) Query Stage Complete (ProtocolInfo)
2019-06-10 17:43:35.336 Info, Node003, Initializing Node. New Node: false (false)
2019-06-10 17:43:35.336 Detail, contrlr,   Expected reply was received
2019-06-10 17:43:35.336 Detail, contrlr,   Message transaction complete
2019-06-10 17:43:35.336 Detail, 
2019-06-10 17:43:35.336 Detail, contrlr, Removing current message
2019-06-10 17:43:35.336 Detail, Node001, Notification: DriverReady
2019-06-10 17:43:35.337 Detail, Node001, Notification: NodeAdded
2019-06-10 17:43:35.337 Detail, Node001, Notification: NodeProtocolInfo
2019-06-10 17:43:35.338 Detail, Node001, Notification: EssentialNodeQueriesComplete
2019-06-10 17:43:35.338 Detail, Node001, Notification: ValueAdded
2019-06-10 17:43:35.338 Detail, Node001, Notification: ValueAdded
2019-06-10 17:43:35.339 Detail, Node001, Notification: ValueAdded
2019-06-10 17:43:35.339 Detail, Node001, Notification: ValueAdded
2019-06-10 17:43:35.340 Detail, Node001, Notification: ValueAdded
2019-06-10 17:43:35.340 Detail, Node001, Notification: ValueAdded
2019-06-10 17:43:35.341 Detail, Node001, Notification: NodeNaming
2019-06-10 17:43:35.341 Detail, Node002, Notification: NodeAdded
2019-06-10 17:43:35.341 Detail, Node002, Notification: NodeProtocolInfo
2019-06-10 17:43:35.341 Detail, Node002, Notification: EssentialNodeQueriesComplete
2019-06-10 17:43:35.342 Detail, Node002, Notification: ValueAdded
2019-06-10 17:43:35.342 Detail, Node002, Notification: ValueAdded
2019-06-10 17:43:35.342 Detail, Node002, Notification: ValueAdded
2019-06-10 17:43:35.343 Detail, Node002, Notification: ValueAdded
2019-06-10 17:43:35.343 Detail, Node002, Notification: ValueAdded
2019-06-10 17:43:35.344 Detail, Node002, Notification: ValueAdded
2019-06-10 17:43:35.344 Detail, Node002, Notification: ValueAdded
2019-06-10 17:43:35.345 Detail, Node002, Notification: ValueAdded
2019-06-10 17:43:35.346 Detail, Node002, Notification: ValueAdded
2019-06-10 17:43:35.346 Detail, Node002, Notification: ValueAdded
2019-06-10 17:43:35.347 Detail, Node002, Notification: ValueAdded
2019-06-10 17:43:35.348 Detail, Node002, Notification: ValueAdded
2019-06-10 17:43:35.348 Detail, Node002, Notification: ValueAdded
2019-06-10 17:43:35.349 Detail, Node002, Notification: ValueAdded
2019-06-10 17:43:35.349 Detail, Node002, Notification: ValueAdded
2019-06-10 17:43:35.349 Detail, Node002, Notification: ValueAdded
2019-06-10 17:43:35.350 Detail, Node002, Notification: ValueAdded
2019-06-10 17:43:35.350 Detail, Node002, Notification: ValueAdded
2019-06-10 17:43:35.351 Detail, Node002, Notification: ValueAdded
2019-06-10 17:43:35.351 Detail, Node002, Notification: ValueAdded
2019-06-10 17:43:35.352 Detail, Node002, Notification: ValueAdded
2019-06-10 17:43:35.352 Detail, Node002, Notification: ValueAdded
2019-06-10 17:43:35.352 Detail, Node002, Notification: ValueAdded
2019-06-10 17:43:35.353 Detail, Node002, Notification: ValueAdded
2019-06-10 17:43:35.353 Detail, Node002, Notification: ValueAdded
2019-06-10 17:43:35.353 Detail, Node002, Notification: ValueAdded
2019-06-10 17:43:35.354 Detail, Node002, Notification: ValueAdded
2019-06-10 17:43:35.354 Detail, Node002, Notification: ValueAdded
2019-06-10 17:43:35.355 Detail, Node002, Notification: ValueAdded
2019-06-10 17:43:35.355 Detail, Node002, Notification: ValueAdded
2019-06-10 17:43:35.355 Detail, Node002, Notification: ValueAdded
2019-06-10 17:43:35.356 Detail, Node002, Notification: ValueAdded
2019-06-10 17:43:35.356 Detail, Node002, Notification: ValueAdded
2019-06-10 17:43:35.356 Detail, Node002, Notification: ValueAdded
2019-06-10 17:43:35.357 Detail, Node002, Notification: ValueAdded
2019-06-10 17:43:35.357 Detail, Node002, Notification: ValueAdded
2019-06-10 17:43:35.358 Detail, Node002, Notification: ValueAdded
2019-06-10 17:43:35.358 Detail, Node002, Notification: ValueAdded
2019-06-10 17:43:35.358 Detail, Node002, Notification: ValueAdded
2019-06-10 17:43:35.365 Detail, Node002, Notification: ValueAdded
2019-06-10 17:43:35.365 Detail, Node002, Notification: Group
2019-06-10 17:43:35.366 Detail, Node002, Notification: ValueAdded
2019-06-10 17:43:35.366 Detail, Node002, Notification: ValueAdded
2019-06-10 17:43:35.367 Detail, Node002, Notification: ValueAdded
2019-06-10 17:43:35.368 Detail, Node002, Notification: NodeNaming
2019-06-10 17:43:35.369 Detail, Node003, Notification: NodeNew
2019-06-10 17:43:35.369 Detail, Node003, Notification: NodeAdded
2019-06-10 17:43:35.369 Detail, 
2019-06-10 17:43:35.369 Info, contrlr, Sending (Command) message (Callback ID=0x00, Expected Reply=0x06) - FUNC_ID_SERIAL_API_SET_TIMEOUTS: 0x01, 0x05, 0x00, 0x06, 0x64, 0x0f, 0x97
2019-06-10 17:43:35.369 Info, contrlr, Encrypted Flag is 0
2019-06-10 17:43:35.370 Detail, contrlr,   Received: 0x01, 0x05, 0x01, 0x06, 0x64, 0x0f, 0x96
2019-06-10 17:43:35.370 Detail, 
2019-06-10 17:43:35.370 Info, contrlr, Received reply to FUNC_ID_SERIAL_API_SET_TIMEOUTS
2019-06-10 17:43:35.370 Detail, contrlr,   Expected reply was received
2019-06-10 17:43:35.370 Detail, contrlr,   Message transaction complete
2019-06-10 17:43:35.370 Detail, 
2019-06-10 17:43:35.370 Detail, contrlr, Removing current message
2019-06-10 17:43:35.370 Detail, 
2019-06-10 17:43:35.370 Info, contrlr, Sending (Command) message (Callback ID=0x00, Expected Reply=0x00) - FUNC_ID_SERIAL_API_APPL_NODE_INFORMATION: 0x01, 0x08, 0x00, 0x03, 0x01, 0x02, 0x01, 0x01, 0x5e, 0xa9
2019-06-10 17:43:35.370 Info, contrlr, Encrypted Flag is 0
2019-06-10 17:43:35.371 Detail, contrlr, Removing current message
2019-06-10 17:43:35.371 Detail, 
2019-06-10 17:43:35.371 Info, Node001, Sending (Command) message (Callback ID=0x00, Expected Reply=0x80) - Get Routing Info (Node=1): 0x01, 0x07, 0x00, 0x80, 0x01, 0x00, 0x00, 0x03, 0x7a
2019-06-10 17:43:35.371 Info, Node001, Encrypted Flag is 0
2019-06-10 17:43:35.374 Detail, Node001,   Received: 0x01, 0x20, 0x01, 0x80, 0x06, 0x00, 0x00, 0x00, 0x00, 0x00, 0x00, 0x00, 0x00, 0x00, 0x00, 0x00, 0x00, 0x00, 0x00, 0x00, 0x00, 0x00, 0x00, 0x00, 0x00, 0x00, 0x00, 0x00, 0x00, 0x00, 0x00, 0x00, 0x00, 0x58
2019-06-10 17:43:35.374 Detail, 
2019-06-10 17:43:35.374 Info, Node001, Received reply to FUNC_ID_ZW_GET_ROUTING_INFO
2019-06-10 17:43:35.374 Info, Node001,     Neighbors of this node are:
2019-06-10 17:43:35.374 Info, Node001,     Node 2
2019-06-10 17:43:35.374 Info, Node001,     Node 3
2019-06-10 17:43:35.374 Detail, Node001,   Expected reply was received
2019-06-10 17:43:35.374 Detail, Node001,   Message transaction complete
2019-06-10 17:43:35.374 Detail, 
2019-06-10 17:43:35.374 Detail, Node001, Removing current message
2019-06-10 17:43:35.374 Detail, 
2019-06-10 17:43:35.374 Info, Node002, Sending (NoOp) message (Callback ID=0x0a, Expected Reply=0x13) - NoOperation_Set (Node=2): 0x01, 0x09, 0x00, 0x13, 0x02, 0x02, 0x00, 0x00, 0x25, 0x0a, 0xca
2019-06-10 17:43:35.374 Info, Node002, Encrypted Flag is 0
2019-06-10 17:43:35.381 Detail, Node002,   Received: 0x01, 0x04, 0x01, 0x13, 0x01, 0xe8
2019-06-10 17:43:35.381 Detail, Node002,   ZW_SEND_DATA delivered to Z-Wave stack
2019-06-10 17:43:39.478 Detail, Node002,   Received: 0x01, 0x07, 0x00, 0x13, 0x0a, 0x01, 0x01, 0x9a, 0x7b
2019-06-10 17:43:39.478 Detail, Node002,   ZW_SEND_DATA Request with callback ID 0x0a received (expected 0x0a)
2019-06-10 17:43:39.478 Info, Node002, WARNING: ZW_SEND_DATA failed. No ACK received - device may be asleep.
2019-06-10 17:43:39.478 Warning, Node002, WARNING: Device is not a sleeping node.
2019-06-10 17:43:39.479 Info, Node002, QueryStageRetry stage CacheLoad requested stage CacheLoad max 3 retries 0 pending 1
2019-06-10 17:43:39.479 Detail, Node002,   Expected callbackId was received
2019-06-10 17:43:39.479 Detail, Node002,   Expected reply was received
2019-06-10 17:43:39.479 Detail, Node002,   Message transaction complete
2019-06-10 17:43:39.479 Detail, 
2019-06-10 17:43:39.479 Detail, Node002, Removing current message
2019-06-10 17:43:39.479 Detail, Node002, Notification: Notification - NoOperation
2019-06-10 17:43:39.481 Detail, Node001, Query Stage Complete (Neighbors)
2019-06-10 17:43:39.481 Detail, Node001, AdvanceQueries queryPending=0 queryRetries=0 queryStage=Session live=1
2019-06-10 17:43:39.481 Detail, Node001, QueryStage_Session
2019-06-10 17:43:39.481 Detail, Node001, QueryStage_Dynamic
2019-06-10 17:43:39.481 Detail, Node001, QueryStage_Configuration
2019-06-10 17:43:39.481 Detail, Node001, QueryStage_Complete
2019-06-10 17:43:39.481 Warning, CheckCompletedNodeQueries m_allNodesQueried=0 m_awakeNodesQueried=0
2019-06-10 17:43:39.481 Warning, CheckCompletedNodeQueries all=0, deadFound=0 sleepingOnly=0
2019-06-10 17:43:39.481 Info, Saving Cache
2019-06-10 17:43:39.481 Info, Node001, Cache Save for Node 1 as its QueryStage_CacheLoad
2019-06-10 17:43:39.482 Info, Node002, Cache Save for Node 2 as its QueryStage_CacheLoad
2019-06-10 17:43:39.482 Info, Node003, Skipping Cache Save for Node 3 as its not past QueryStage_CacheLoad
2019-06-10 17:43:39.484 Detail, Node001, Notification: NodeQueriesComplete
2019-06-10 17:43:39.485 Detail, Node002, Query Stage Complete (CacheLoad)
2019-06-10 17:43:39.485 Detail, Node002, AdvanceQueries queryPending=0 queryRetries=1 queryStage=CacheLoad live=1
2019-06-10 17:43:39.485 Detail, Node002, QueryStage_CacheLoad
2019-06-10 17:43:39.485 Info, Node002, Loading Cache for node 2: Manufacturer=HANK Electronics Ltd, Product=HKZW-SO05 Smart Plug
2019-06-10 17:43:39.485 Info, Node002, Node Identity Codes: 0208:0100:000a
2019-06-10 17:43:39.485 Info, Node002, NoOperation::Set - Routing=true
2019-06-10 17:43:39.485 Detail, Node002, Queuing (NoOp) NoOperation_Set (Node=2): 0x01, 0x09, 0x00, 0x13, 0x02, 0x02, 0x00, 0x00, 0x25, 0x0b, 0xcb
2019-06-10 17:43:39.485 Detail, Node002, Queuing (Query) Query Stage Complete (CacheLoad)
2019-06-10 17:43:39.485 Detail, 
2019-06-10 17:43:39.485 Info, Node002, Sending (NoOp) message (Callback ID=0x0b, Expected Reply=0x13) - NoOperation_Set (Node=2): 0x01, 0x09, 0x00, 0x13, 0x02, 0x02, 0x00, 0x00, 0x25, 0x0b, 0xcb
2019-06-10 17:43:39.485 Info, Node002, Encrypted Flag is 0
2019-06-10 17:43:39.492 Detail, Node002,   Received: 0x01, 0x04, 0x01, 0x13, 0x01, 0xe8
2019-06-10 17:43:39.492 Detail, Node002,   ZW_SEND_DATA delivered to Z-Wave stack
2019-06-10 17:43:43.650 Detail, Node002,   Received: 0x01, 0x07, 0x00, 0x13, 0x0b, 0x01, 0x01, 0xa0, 0x40
2019-06-10 17:43:43.650 Detail, Node002,   ZW_SEND_DATA Request with callback ID 0x0b received (expected 0x0b)
2019-06-10 17:43:43.650 Info, Node002, WARNING: ZW_SEND_DATA failed. No ACK received - device may be asleep.
2019-06-10 17:43:43.650 Warning, Node002, WARNING: Device is not a sleeping node.
2019-06-10 17:43:43.650 Info, Node002, QueryStageRetry stage CacheLoad requested stage CacheLoad max 3 retries 1 pending 1
2019-06-10 17:43:43.650 Detail, Node002,   Expected callbackId was received
2019-06-10 17:43:43.650 Detail, Node002,   Expected reply was received
2019-06-10 17:43:43.650 Detail, Node002,   Message transaction complete
2019-06-10 17:43:43.650 Detail, 
2019-06-10 17:43:43.650 Detail, Node002, Removing current message
2019-06-10 17:43:43.650 Detail, Node002, Notification: Notification - NoOperation
2019-06-10 17:43:43.652 Detail, 
2019-06-10 17:43:43.652 Info, Node003, Sending (Query) message (Callback ID=0x00, Expected Reply=0x41) - Get Node Protocol Info (Node=3): 0x01, 0x04, 0x00, 0x41, 0x03, 0xb9
2019-06-10 17:43:43.652 Info, Node003, Encrypted Flag is 0
2019-06-10 17:43:43.653 Detail, Node003,   Received: 0x01, 0x09, 0x01, 0x41, 0x53, 0x9c, 0x01, 0x04, 0x07, 0x01, 0x7a
2019-06-10 17:43:43.653 Detail, 
2019-06-10 17:43:43.653 Info, Node003, Received reply to FUNC_ID_ZW_GET_NODE_PROTOCOL_INFO
2019-06-10 17:43:43.654 Info, Node003,   Protocol Info for Node 3:
2019-06-10 17:43:43.654 Info, Node003,     Listening     = false
2019-06-10 17:43:43.654 Info, Node003,     Frequent      = false
2019-06-10 17:43:43.654 Info, Node003,     Beaming       = true
2019-06-10 17:43:43.654 Info, Node003,     Routing       = true
2019-06-10 17:43:43.654 Info, Node003,     Max Baud Rate = 100000
2019-06-10 17:43:43.654 Info, Node003,     Version       = 4
2019-06-10 17:43:43.654 Info, Node003,     Security      = false
2019-06-10 17:43:43.656 Info, Node003,   Basic device class    (0x04) - Routing Slave
2019-06-10 17:43:43.656 Info, Node003,   Generic device Class  (0x07) - Notification Sensor
2019-06-10 17:43:43.656 Info, Node003,   Specific device class (0x01) - Notification Sensor
2019-06-10 17:43:43.656 Info, Node003,     COMMAND_CLASS_BASIC is not mapped
2019-06-10 17:43:43.656 Info, Node003,   Mandatory Command Classes for Node 3:
2019-06-10 17:43:43.656 Info, Node003,     COMMAND_CLASS_BASIC
2019-06-10 17:43:43.656 Info, Node003,     COMMAND_CLASS_MANUFACTURER_SPECIFIC
2019-06-10 17:43:43.656 Info, Node003,     COMMAND_CLASS_WAKE_UP
2019-06-10 17:43:43.656 Info, Node003,   Mandatory Command Classes controlled by Node 3:
2019-06-10 17:43:43.656 Info, Node003,     None
2019-06-10 17:43:43.656 Detail, Node003,   Expected reply was received
2019-06-10 17:43:43.656 Detail, Node003,   Message transaction complete
2019-06-10 17:43:43.656 Detail, 
2019-06-10 17:43:43.656 Detail, Node003, Removing current message
2019-06-10 17:43:43.656 Detail, Node003, Notification: NodeProtocolInfo
2019-06-10 17:43:43.657 Detail, Node003, Notification: ValueAdded
2019-06-10 17:43:43.657 Detail, Node003, Notification: ValueAdded
2019-06-10 17:43:43.658 Detail, Node003, Query Stage Complete (ProtocolInfo)
2019-06-10 17:43:43.658 Detail, Node003, AdvanceQueries queryPending=0 queryRetries=0 queryStage=Probe live=1
2019-06-10 17:43:43.658 Detail, Node003, QueryStage_Probe
2019-06-10 17:43:43.658 Info, Node003, NoOperation::Set - Routing=true
2019-06-10 17:43:43.658 Detail, Node003, Queuing (NoOp) NoOperation_Set (Node=3): 0x01, 0x09, 0x00, 0x13, 0x03, 0x02, 0x00, 0x00, 0x25, 0x0c, 0xcd
2019-06-10 17:43:43.658 Detail, Node003, Queuing (Query) Query Stage Complete (Probe)
2019-06-10 17:43:43.658 Detail, 
2019-06-10 17:43:43.658 Info, Node003, Sending (NoOp) message (Callback ID=0x0c, Expected Reply=0x13) - NoOperation_Set (Node=3): 0x01, 0x09, 0x00, 0x13, 0x03, 0x02, 0x00, 0x00, 0x25, 0x0c, 0xcd
2019-06-10 17:43:43.658 Info, Node003, Encrypted Flag is 0
2019-06-10 17:43:43.665 Detail, Node003,   Received: 0x01, 0x04, 0x01, 0x13, 0x01, 0xe8
2019-06-10 17:43:43.665 Detail, Node003,   ZW_SEND_DATA delivered to Z-Wave stack
2019-06-10 17:43:48.363 Detail, Node003,   Received: 0x01, 0x07, 0x00, 0x13, 0x0c, 0x01, 0x01, 0xd6, 0x31
2019-06-10 17:43:48.363 Detail, Node003,   ZW_SEND_DATA Request with callback ID 0x0c received (expected 0x0c)
2019-06-10 17:43:48.363 Info, Node003, WARNING: ZW_SEND_DATA failed. No ACK received - device may be asleep.
2019-06-10 17:43:48.364 Info, Node003,   Node 3 has been marked as asleep
2019-06-10 17:43:48.364 Info, Node003, Node not responding - moving QueryStageComplete command to Wake-Up queue
2019-06-10 17:43:48.364 Detail, Node003, Notification: Notification - NoOperation
2019-06-10 17:43:48.365 Detail, Node003, Notification: Notification - Node Asleep
2019-06-10 17:43:48.367 Detail, Node002, Query Stage Complete (CacheLoad)
2019-06-10 17:43:48.367 Detail, Node002, AdvanceQueries queryPending=0 queryRetries=2 queryStage=CacheLoad live=1
2019-06-10 17:43:48.367 Detail, Node002, QueryStage_CacheLoad
2019-06-10 17:43:48.367 Info, Node002, Loading Cache for node 2: Manufacturer=HANK Electronics Ltd, Product=HKZW-SO05 Smart Plug
2019-06-10 17:43:48.367 Info, Node002, Node Identity Codes: 0208:0100:000a
2019-06-10 17:43:48.367 Info, Node002, NoOperation::Set - Routing=true
2019-06-10 17:43:48.367 Detail, Node002, Queuing (NoOp) NoOperation_Set (Node=2): 0x01, 0x09, 0x00, 0x13, 0x02, 0x02, 0x00, 0x00, 0x25, 0x0d, 0xcd
2019-06-10 17:43:48.367 Detail, Node002, Queuing (Query) Query Stage Complete (CacheLoad)
2019-06-10 17:43:48.367 Detail, 
2019-06-10 17:43:48.367 Info, Node002, Sending (NoOp) message (Callback ID=0x0d, Expected Reply=0x13) - NoOperation_Set (Node=2): 0x01, 0x09, 0x00, 0x13, 0x02, 0x02, 0x00, 0x00, 0x25, 0x0d, 0xcd
2019-06-10 17:43:48.367 Info, Node002, Encrypted Flag is 0
2019-06-10 17:43:48.374 Detail, Node002,   Received: 0x01, 0x04, 0x01, 0x13, 0x01, 0xe8
2019-06-10 17:43:48.374 Detail, Node002,   ZW_SEND_DATA delivered to Z-Wave stack
2019-06-10 17:43:52.487 Detail, Node002,   Received: 0x01, 0x07, 0x00, 0x13, 0x0d, 0x01, 0x01, 0x9c, 0x7a
2019-06-10 17:43:52.487 Detail, Node002,   ZW_SEND_DATA Request with callback ID 0x0d received (expected 0x0d)
2019-06-10 17:43:52.487 Info, Node002, WARNING: ZW_SEND_DATA failed. No ACK received - device may be asleep.
2019-06-10 17:43:52.487 Warning, Node002, WARNING: Device is not a sleeping node.
2019-06-10 17:43:52.487 Error, Node002, ERROR: node presumed dead
2019-06-10 17:43:52.487 Warning, CheckCompletedNodeQueries m_allNodesQueried=0 m_awakeNodesQueried=0
2019-06-10 17:43:52.487 Warning, CheckCompletedNodeQueries all=0, deadFound=1 sleepingOnly=1
2019-06-10 17:43:52.487 Info,          Node query processing complete except for sleeping nodes.
2019-06-10 17:43:52.487 Info, Saving Cache
2019-06-10 17:43:52.488 Info, Node001, Cache Save for Node 1 as its QueryStage_CacheLoad
2019-06-10 17:43:52.489 Info, Node002, Cache Save for Node 2 as its QueryStage_CacheLoad
2019-06-10 17:43:52.489 Info, Node003, Skipping Cache Save for Node 3 as its not past QueryStage_CacheLoad
2019-06-10 17:43:52.493 Info, Node002, QueryStageRetry stage CacheLoad requested stage CacheLoad max 3 retries 2 pending 1
2019-06-10 17:43:52.493 Detail, Node002,   Expected callbackId was received
2019-06-10 17:43:52.493 Detail, Node002,   Expected reply was received
2019-06-10 17:43:52.493 Detail, Node002,   Message transaction complete
2019-06-10 17:43:52.493 Detail, 
2019-06-10 17:43:52.493 Detail, Node002, Removing current message
2019-06-10 17:43:52.493 Detail, Node002, Notification: Notification - NoOperation
2019-06-10 17:43:52.494 Detail, contrlr, Notification: AwakeNodesQueried
2019-06-10 17:43:52.494 Detail, Node002, Notification: Notification - Node Dead
2019-06-10 17:43:52.495 Detail, Node002, Query Stage Complete (CacheLoad)
2019-06-10 17:43:52.495 Detail, Node002, AdvanceQueries queryPending=0 queryRetries=0 queryStage=CacheLoad live=0
